<?xml version="1.0" encoding="UTF-8"?>
<!-- Generated by org.testng.reporters.JUnitReportReporter -->
<testsuite hostname="Artur-PC" name="ratajczak.test.DirectionEdgeTest" tests="12" failures="0" timestamp="27 Dec 2015 11:43:48 GMT" time="0.036" errors="0">
  <testcase name="MessageConstructionTest" time="0.002" classname="ratajczak.test.DirectionEdgeTest"/>
  <testcase name="MessageConstructionTest" time="0.001" classname="ratajczak.test.DirectionEdgeTest"/>
  <testcase name="MessageConstructionTest" time="0.002" classname="ratajczak.test.DirectionEdgeTest"/>
  <testcase name="MessageConstructionTest" time="0.001" classname="ratajczak.test.DirectionEdgeTest"/>
  <testcase name="MessageConstructionTest" time="0.001" classname="ratajczak.test.DirectionEdgeTest"/>
  <testcase name="supportTransitionPoint" time="0.007" classname="ratajczak.test.DirectionEdgeTest"/>
  <testcase name="MessageConstructionTest" time="0.004" classname="ratajczak.test.DirectionEdgeTest"/>
  <testcase name="MessageConstructionTest" time="0.002" classname="ratajczak.test.DirectionEdgeTest"/>
  <testcase name="MessageConstructionTest" time="0.005" classname="ratajczak.test.DirectionEdgeTest"/>
  <testcase name="constructionTest" time="0.001" classname="ratajczak.test.DirectionEdgeTest"/>
  <testcase name="MessageConstructionTest" time="0.007" classname="ratajczak.test.DirectionEdgeTest"/>
  <testcase name="MessageConstructionTest" time="0.003" classname="ratajczak.test.DirectionEdgeTest"/>
</testsuite> <!-- ratajczak.test.DirectionEdgeTest -->
