<?xml version="1.0" encoding="UTF-8"?>
<!-- Generated by org.testng.reporters.JUnitReportReporter -->
<testsuite hostname="Artur-PC" name="ratajczak.test.DiagramGraphTest" tests="10" failures="0" timestamp="6 Jan 2016 12:51:27 GMT" time="0.016" errors="0">
  <testcase name="nodesPrototypeTest" time="0.000" classname="ratajczak.test.DiagramGraphTest"/>
  <testcase name="nodesPrototypeTest" time="0.000" classname="ratajczak.test.DiagramGraphTest"/>
  <testcase name="nodesPrototypeTest" time="0.000" classname="ratajczak.test.DiagramGraphTest"/>
  <testcase name="nodesPrototypeTest" time="0.000" classname="ratajczak.test.DiagramGraphTest"/>
  <testcase name="edgesPrototypeTest" time="0.000" classname="ratajczak.test.DiagramGraphTest"/>
  <testcase name="nodesPrototypeTest" time="0.000" classname="ratajczak.test.DiagramGraphTest"/>
  <testcase name="edgesPrototypeTest" time="0.000" classname="ratajczak.test.DiagramGraphTest"/>
  <testcase name="edgesPrototypeTest" time="0.016" classname="ratajczak.test.DiagramGraphTest"/>
  <testcase name="edgesPrototypeTest" time="0.000" classname="ratajczak.test.DiagramGraphTest"/>
  <testcase name="edgesPrototypeTest" time="0.000" classname="ratajczak.test.DiagramGraphTest"/>
</testsuite> <!-- ratajczak.test.DiagramGraphTest -->
