<?xml version="1.0" encoding="UTF-8"?>
<!-- Generated by org.testng.reporters.JUnitReportReporter -->
<testsuite hostname="Artur-PC" name="ratajczak.test.ObjectNodeTest" tests="10" failures="0" timestamp="6 Jan 2016 12:51:27 GMT" time="0.078" errors="0">
  <testcase name="ClearBoundsTest" time="0.047" classname="ratajczak.test.ObjectNodeTest"/>
  <testcase name="boundsWithSomeText" time="0.000" classname="ratajczak.test.ObjectNodeTest"/>
  <testcase name="boundsWithSomeText" time="0.000" classname="ratajczak.test.ObjectNodeTest"/>
  <testcase name="cloneTest" time="0.000" classname="ratajczak.test.ObjectNodeTest"/>
  <testcase name="scholdByNullPointExceptionOngetBounds" time="0.000" classname="ratajczak.test.ObjectNodeTest"/>
  <testcase name="boundsWithSomeText" time="0.000" classname="ratajczak.test.ObjectNodeTest"/>
  <testcase name="CreateTest" time="0.015" classname="ratajczak.test.ObjectNodeTest"/>
  <testcase name="checkNameParameterTest" time="0.000" classname="ratajczak.test.ObjectNodeTest"/>
  <testcase name="boundsWithSomeText" time="0.000" classname="ratajczak.test.ObjectNodeTest"/>
  <testcase name="boundsWithSomeText" time="0.016" classname="ratajczak.test.ObjectNodeTest"/>
</testsuite> <!-- ratajczak.test.ObjectNodeTest -->
