<?xml version="1.0" encoding="UTF-8"?>
<!-- Generated by org.testng.reporters.JUnitReportReporter -->
<testsuite hostname="Artur-PC" name="ratajczak.test.XLineEdgeBeanInfoTest" tests="1" failures="0" timestamp="26 Dec 2015 12:15:50 GMT" time="0.016" errors="0">
  <testcase name="propertDescriptorCheck" time="0.016" classname="ratajczak.test.XLineEdgeBeanInfoTest"/>
</testsuite> <!-- ratajczak.test.XLineEdgeBeanInfoTest -->
