<?xml version="1.0" encoding="UTF-8"?>
<!-- Generated by org.testng.reporters.JUnitReportReporter -->
<testsuite hostname="Artur-PC" name="ratajczak.test.DiagramPluginTest" tests="1" failures="0" timestamp="6 Jan 2016 12:51:27 GMT" time="0.000" errors="0">
  <testcase name="DiagramPropertyTest" time="0.000" classname="ratajczak.test.DiagramPluginTest"/>
</testsuite> <!-- ratajczak.test.DiagramPluginTest -->
