<?xml version="1.0" encoding="UTF-8"?>
<!-- Generated by org.testng.reporters.JUnitReportReporter -->
<testsuite hostname="Artur-PC" name="ratajczak.test.ObjectNodeTest" tests="10" failures="0" timestamp="27 Dec 2015 11:43:48 GMT" time="0.280" errors="0">
  <testcase name="boundsWithSomeText" time="0.029" classname="ratajczak.test.ObjectNodeTest"/>
  <testcase name="ClearBoundsTest" time="0.160" classname="ratajczak.test.ObjectNodeTest"/>
  <testcase name="boundsWithSomeText" time="0.003" classname="ratajczak.test.ObjectNodeTest"/>
  <testcase name="CreateTest" time="0.001" classname="ratajczak.test.ObjectNodeTest"/>
  <testcase name="boundsWithSomeText" time="0.065" classname="ratajczak.test.ObjectNodeTest"/>
  <testcase name="cloneTest" time="0.007" classname="ratajczak.test.ObjectNodeTest"/>
  <testcase name="scholdByNullPointExceptionOngetBounds" time="0.001" classname="ratajczak.test.ObjectNodeTest"/>
  <testcase name="boundsWithSomeText" time="0.006" classname="ratajczak.test.ObjectNodeTest"/>
  <testcase name="boundsWithSomeText" time="0.005" classname="ratajczak.test.ObjectNodeTest"/>
  <testcase name="checkNameParameterTest" time="0.003" classname="ratajczak.test.ObjectNodeTest"/>
</testsuite> <!-- ratajczak.test.ObjectNodeTest -->
