<?xml version="1.0" encoding="UTF-8"?>
<!-- Generated by org.testng.reporters.JUnitReportReporter -->
<testsuite hostname="Artur-PC" name="ratajczak.test.DiagramGraphTest" tests="10" failures="0" timestamp="27 Dec 2015 11:43:48 GMT" time="0.032" errors="0">
  <testcase name="edgesPrototypeTest" time="0.001" classname="ratajczak.test.DiagramGraphTest"/>
  <testcase name="nodesPrototypeTest" time="0.001" classname="ratajczak.test.DiagramGraphTest"/>
  <testcase name="edgesPrototypeTest" time="0.001" classname="ratajczak.test.DiagramGraphTest"/>
  <testcase name="edgesPrototypeTest" time="0.004" classname="ratajczak.test.DiagramGraphTest"/>
  <testcase name="edgesPrototypeTest" time="0.001" classname="ratajczak.test.DiagramGraphTest"/>
  <testcase name="nodesPrototypeTest" time="0.002" classname="ratajczak.test.DiagramGraphTest"/>
  <testcase name="nodesPrototypeTest" time="0.002" classname="ratajczak.test.DiagramGraphTest"/>
  <testcase name="nodesPrototypeTest" time="0.001" classname="ratajczak.test.DiagramGraphTest"/>
  <testcase name="edgesPrototypeTest" time="0.015" classname="ratajczak.test.DiagramGraphTest"/>
  <testcase name="nodesPrototypeTest" time="0.004" classname="ratajczak.test.DiagramGraphTest"/>
</testsuite> <!-- ratajczak.test.DiagramGraphTest -->
