<?xml version="1.0" encoding="UTF-8"?>
<!-- Generated by org.testng.reporters.JUnitReportReporter -->
<testsuite hostname="Artur-PC" name="ratajczak.test.RelationShipEgdeTest" tests="4" failures="0" timestamp="26 Dec 2015 12:14:06 GMT" time="0.266" errors="0">
  <testcase name="testChangeBentStyles" time="0.000" classname="ratajczak.test.RelationShipEgdeTest"/>
  <testcase name="testChangeBentStyles" time="0.016" classname="ratajczak.test.RelationShipEgdeTest"/>
  <testcase name="testChangeBentStyles" time="0.000" classname="ratajczak.test.RelationShipEgdeTest"/>
  <testcase name="testChangeBentStyles" time="0.250" classname="ratajczak.test.RelationShipEgdeTest"/>
</testsuite> <!-- ratajczak.test.RelationShipEgdeTest -->
