<?xml version="1.0" encoding="UTF-8"?>
<!-- Generated by org.testng.reporters.JUnitReportReporter -->
<testsuite hostname="Artur-PC" name="ratajczak.test.DirectionEdgeTest" tests="12" failures="0" timestamp="6 Jan 2016 12:51:27 GMT" time="0.032" errors="0">
  <testcase name="MessageConstructionTest" time="0.000" classname="ratajczak.test.DirectionEdgeTest"/>
  <testcase name="MessageConstructionTest" time="0.000" classname="ratajczak.test.DirectionEdgeTest"/>
  <testcase name="MessageConstructionTest" time="0.000" classname="ratajczak.test.DirectionEdgeTest"/>
  <testcase name="MessageConstructionTest" time="0.000" classname="ratajczak.test.DirectionEdgeTest"/>
  <testcase name="MessageConstructionTest" time="0.000" classname="ratajczak.test.DirectionEdgeTest"/>
  <testcase name="MessageConstructionTest" time="0.000" classname="ratajczak.test.DirectionEdgeTest"/>
  <testcase name="MessageConstructionTest" time="0.000" classname="ratajczak.test.DirectionEdgeTest"/>
  <testcase name="MessageConstructionTest" time="0.000" classname="ratajczak.test.DirectionEdgeTest"/>
  <testcase name="constructionTest" time="0.000" classname="ratajczak.test.DirectionEdgeTest"/>
  <testcase name="MessageConstructionTest" time="0.016" classname="ratajczak.test.DirectionEdgeTest"/>
  <testcase name="MessageConstructionTest" time="0.000" classname="ratajczak.test.DirectionEdgeTest"/>
  <testcase name="supportTransitionPoint" time="0.016" classname="ratajczak.test.DirectionEdgeTest"/>
</testsuite> <!-- ratajczak.test.DirectionEdgeTest -->
