<?xml version="1.0" encoding="UTF-8"?>
<!-- Generated by org.testng.reporters.JUnitReportReporter -->
<testsuite hostname="Artur-PC" name="ratajczak.test.DiagramPluginTest" tests="1" failures="0" timestamp="27 Dec 2015 11:43:48 GMT" time="0.001" errors="0">
  <testcase name="DiagramPropertyTest" time="0.001" classname="ratajczak.test.DiagramPluginTest"/>
</testsuite> <!-- ratajczak.test.DiagramPluginTest -->
