<?xml version="1.0" encoding="UTF-8"?>
<!-- Generated by org.testng.reporters.JUnitReportReporter -->
<testsuite hostname="Artur-PC" name="ratajczak.test.ClassDiagramGraphTest" tests="8" failures="0" timestamp="26 Dec 2015 12:15:50 GMT" time="0.000" errors="0">
  <testcase name="ShoulbeClassInEdgeList" time="0.000" classname="ratajczak.test.ClassDiagramGraphTest"/>
  <testcase name="ShoulbeClassInEdgeList" time="0.000" classname="ratajczak.test.ClassDiagramGraphTest"/>
  <testcase name="ShoulbeClassInEdgeList" time="0.000" classname="ratajczak.test.ClassDiagramGraphTest"/>
  <testcase name="ShoulbeClassInEdgeList" time="0.000" classname="ratajczak.test.ClassDiagramGraphTest"/>
  <testcase name="ShoulbeClassInEdgeList" time="0.000" classname="ratajczak.test.ClassDiagramGraphTest"/>
  <testcase name="ShoulbeClassInEdgeList" time="0.000" classname="ratajczak.test.ClassDiagramGraphTest"/>
  <testcase name="ShoulbeClassInEdgeList" time="0.000" classname="ratajczak.test.ClassDiagramGraphTest"/>
  <testcase name="ShoulbeClassInEdgeList" time="0.000" classname="ratajczak.test.ClassDiagramGraphTest"/>
</testsuite> <!-- ratajczak.test.ClassDiagramGraphTest -->
