<?xml version="1.0" encoding="UTF-8"?>
<!-- Generated by org.testng.reporters.JUnitReportReporter -->
<testsuite hostname="Artur-PC" name="ratajczak.artur.InterfaceNodeMorphTest" tests="3" failures="0" timestamp="6 Jan 2016 12:52:45 GMT" time="0.000" errors="0">
  <testcase name="morphStartValueTest" time="0.000" classname="ratajczak.artur.InterfaceNodeMorphTest"/>
  <testcase name="morphStartValueTest" time="0.000" classname="ratajczak.artur.InterfaceNodeMorphTest"/>
  <testcase name="morphStartValueTest" time="0.000" classname="ratajczak.artur.InterfaceNodeMorphTest"/>
</testsuite> <!-- ratajczak.artur.InterfaceNodeMorphTest -->
