<?xml version="1.0" encoding="UTF-8"?>
<!-- Generated by org.testng.reporters.JUnitReportReporter -->
<testsuite hostname="Artur-PC" name="ratajczak.artur.MorphClassTest" tests="55" failures="0" timestamp="16 Jan 2016 14:55:46 GMT" time="0.282" errors="0">
  <testcase name="abstractToINterface" time="0.016" classname="ratajczak.artur.MorphClassTest"/>
  <testcase name="interfaceToAbstract" time="0.000" classname="ratajczak.artur.MorphClassTest"/>
  <testcase name="interfaceToAbstract" time="0.000" classname="ratajczak.artur.MorphClassTest"/>
  <testcase name="abstractToClass" time="0.015" classname="ratajczak.artur.MorphClassTest"/>
  <testcase name="interfaceToClass" time="0.000" classname="ratajczak.artur.MorphClassTest"/>
  <testcase name="abstractToINterface" time="0.000" classname="ratajczak.artur.MorphClassTest"/>
  <testcase name="interfaceToClass" time="0.000" classname="ratajczak.artur.MorphClassTest"/>
  <testcase name="classToInterfaceTest" time="0.000" classname="ratajczak.artur.MorphClassTest"/>
  <testcase name="interfaceToClass" time="0.016" classname="ratajczak.artur.MorphClassTest"/>
  <testcase name="classToInterfaceTest" time="0.000" classname="ratajczak.artur.MorphClassTest"/>
  <testcase name="classToAbstract" time="0.000" classname="ratajczak.artur.MorphClassTest"/>
  <testcase name="interfaceToClass" time="0.000" classname="ratajczak.artur.MorphClassTest"/>
  <testcase name="abstractToClass" time="0.000" classname="ratajczak.artur.MorphClassTest"/>
  <testcase name="abstractToINterface" time="0.000" classname="ratajczak.artur.MorphClassTest"/>
  <testcase name="abstractToINterface" time="0.000" classname="ratajczak.artur.MorphClassTest"/>
  <testcase name="abstractToINterface" time="0.031" classname="ratajczak.artur.MorphClassTest"/>
  <testcase name="classToInterfaceTest" time="0.000" classname="ratajczak.artur.MorphClassTest"/>
  <testcase name="classToAbstract" time="0.000" classname="ratajczak.artur.MorphClassTest"/>
  <testcase name="interfaceToAbstract" time="0.000" classname="ratajczak.artur.MorphClassTest"/>
  <testcase name="classToInterfaceTest" time="0.000" classname="ratajczak.artur.MorphClassTest"/>
  <testcase name="abstractToClass" time="0.016" classname="ratajczak.artur.MorphClassTest"/>
  <testcase name="redrawTest" time="0.000" classname="ratajczak.artur.MorphClassTest"/>
  <testcase name="abstractToINterface" time="0.000" classname="ratajczak.artur.MorphClassTest"/>
  <testcase name="interfaceToClass" time="0.000" classname="ratajczak.artur.MorphClassTest"/>
  <testcase name="abstractToClass" time="0.016" classname="ratajczak.artur.MorphClassTest"/>
  <testcase name="classToAbstract" time="0.000" classname="ratajczak.artur.MorphClassTest"/>
  <testcase name="classToAbstract" time="0.000" classname="ratajczak.artur.MorphClassTest"/>
  <testcase name="interfaceToAbstract" time="0.000" classname="ratajczak.artur.MorphClassTest"/>
  <testcase name="interfaceToAbstract" time="0.000" classname="ratajczak.artur.MorphClassTest"/>
  <testcase name="classToInterfaceTest" time="0.000" classname="ratajczak.artur.MorphClassTest"/>
  <testcase name="abstractToClass" time="0.000" classname="ratajczak.artur.MorphClassTest"/>
  <testcase name="abstractToClass" time="0.000" classname="ratajczak.artur.MorphClassTest"/>
  <testcase name="classToAbstract" time="0.062" classname="ratajczak.artur.MorphClassTest"/>
  <testcase name="interfaceToClass" time="0.000" classname="ratajczak.artur.MorphClassTest"/>
  <testcase name="classToInterfaceTest" time="0.000" classname="ratajczak.artur.MorphClassTest"/>
  <testcase name="interfaceToAbstract" time="0.000" classname="ratajczak.artur.MorphClassTest"/>
  <testcase name="abstractToINterface" time="0.000" classname="ratajczak.artur.MorphClassTest"/>
  <testcase name="classToAbstract" time="0.016" classname="ratajczak.artur.MorphClassTest"/>
  <testcase name="abstractToINterface" time="0.015" classname="ratajczak.artur.MorphClassTest"/>
  <testcase name="abstractToClass" time="0.015" classname="ratajczak.artur.MorphClassTest"/>
  <testcase name="classToInterfaceTest" time="0.016" classname="ratajczak.artur.MorphClassTest"/>
  <testcase name="interfaceToAbstract" time="0.000" classname="ratajczak.artur.MorphClassTest"/>
  <testcase name="interfaceToClass" time="0.000" classname="ratajczak.artur.MorphClassTest"/>
  <testcase name="interfaceToClass" time="0.000" classname="ratajczak.artur.MorphClassTest"/>
  <testcase name="interfaceToClass" time="0.000" classname="ratajczak.artur.MorphClassTest"/>
  <testcase name="classToAbstract" time="0.000" classname="ratajczak.artur.MorphClassTest"/>
  <testcase name="interfaceToAbstract" time="0.000" classname="ratajczak.artur.MorphClassTest"/>
  <testcase name="abstractToClass" time="0.000" classname="ratajczak.artur.MorphClassTest"/>
  <testcase name="classToAbstract" time="0.016" classname="ratajczak.artur.MorphClassTest"/>
  <testcase name="interfaceToAbstract" time="0.016" classname="ratajczak.artur.MorphClassTest"/>
  <testcase name="classToInterfaceTest" time="0.000" classname="ratajczak.artur.MorphClassTest"/>
  <testcase name="abstractToClass" time="0.016" classname="ratajczak.artur.MorphClassTest"/>
  <testcase name="classToAbstract" time="0.000" classname="ratajczak.artur.MorphClassTest"/>
  <testcase name="abstractToINterface" time="0.000" classname="ratajczak.artur.MorphClassTest"/>
  <testcase name="classToInterfaceTest" time="0.000" classname="ratajczak.artur.MorphClassTest"/>
</testsuite> <!-- ratajczak.artur.MorphClassTest -->
