<?xml version="1.0" encoding="UTF-8"?>
<!-- Generated by org.testng.reporters.JUnitReportReporter -->
<testsuite hostname="Artur-PC" name="ratajczak.artur.AbstractNodeMorphTest" tests="11" failures="0" timestamp="13 Jan 2016 17:41:37 GMT" time="0.530" errors="0">
  <testcase name="constructionTest" time="0.015" classname="ratajczak.artur.AbstractNodeMorphTest"/>
  <testcase name="boundsWithSomeText" time="0.062" classname="ratajczak.artur.AbstractNodeMorphTest"/>
  <testcase name="morphValuTest" time="0.000" classname="ratajczak.artur.AbstractNodeMorphTest"/>
  <testcase name="boundsWithSomeText" time="0.031" classname="ratajczak.artur.AbstractNodeMorphTest"/>
  <testcase name="boundsWithSomeText" time="0.000" classname="ratajczak.artur.AbstractNodeMorphTest"/>
  <testcase name="nameIsLargeAndJustyfy" time="0.000" classname="ratajczak.artur.AbstractNodeMorphTest"/>
  <testcase name="boundsWithSomeText" time="0.015" classname="ratajczak.artur.AbstractNodeMorphTest"/>
  <testcase name="morphValuTest" time="0.016" classname="ratajczak.artur.AbstractNodeMorphTest"/>
  <testcase name="cloneTest" time="0.344" classname="ratajczak.artur.AbstractNodeMorphTest"/>
  <testcase name="boundsWithSomeText" time="0.047" classname="ratajczak.artur.AbstractNodeMorphTest"/>
  <testcase name="morphValuTest" time="0.000" classname="ratajczak.artur.AbstractNodeMorphTest"/>
</testsuite> <!-- ratajczak.artur.AbstractNodeMorphTest -->
