<?xml version="1.0" encoding="UTF-8"?>
<!-- Generated by org.testng.reporters.JUnitReportReporter -->
<testsuite hostname="Artur-PC" name="ratajczak.artur.ClassNodeMorphTest" tests="3" failures="0" timestamp="16 Jan 2016 14:55:46 GMT" time="0.000" errors="0">
  <testcase name="morphStartValueTest" time="0.000" classname="ratajczak.artur.ClassNodeMorphTest"/>
  <testcase name="morphStartValueTest" time="0.000" classname="ratajczak.artur.ClassNodeMorphTest"/>
  <testcase name="morphStartValueTest" time="0.000" classname="ratajczak.artur.ClassNodeMorphTest"/>
</testsuite> <!-- ratajczak.artur.ClassNodeMorphTest -->
