<?xml version="1.0" encoding="UTF-8"?>
<!-- Generated by org.testng.reporters.JUnitReportReporter -->
<testsuite hostname="Artur-PC" name="ratajczak.artur.AbstractNodeMorphTest" tests="11" failures="0" timestamp="6 Jan 2016 12:52:45 GMT" time="0.266" errors="0">
  <testcase name="morphValuTest" time="0.016" classname="ratajczak.artur.AbstractNodeMorphTest"/>
  <testcase name="nameIsLargeAndJustyfy" time="0.015" classname="ratajczak.artur.AbstractNodeMorphTest"/>
  <testcase name="boundsWithSomeText" time="0.016" classname="ratajczak.artur.AbstractNodeMorphTest"/>
  <testcase name="boundsWithSomeText" time="0.000" classname="ratajczak.artur.AbstractNodeMorphTest"/>
  <testcase name="boundsWithSomeText" time="0.188" classname="ratajczak.artur.AbstractNodeMorphTest"/>
  <testcase name="boundsWithSomeText" time="0.016" classname="ratajczak.artur.AbstractNodeMorphTest"/>
  <testcase name="morphValuTest" time="0.000" classname="ratajczak.artur.AbstractNodeMorphTest"/>
  <testcase name="constructionTest" time="0.000" classname="ratajczak.artur.AbstractNodeMorphTest"/>
  <testcase name="morphValuTest" time="0.000" classname="ratajczak.artur.AbstractNodeMorphTest"/>
  <testcase name="cloneTest" time="0.000" classname="ratajczak.artur.AbstractNodeMorphTest"/>
  <testcase name="boundsWithSomeText" time="0.015" classname="ratajczak.artur.AbstractNodeMorphTest"/>
</testsuite> <!-- ratajczak.artur.AbstractNodeMorphTest -->
