<?xml version="1.0" encoding="UTF-8"?>
<!-- Generated by org.testng.reporters.JUnitReportReporter -->
<testsuite hostname="Artur-PC" name="ratajczak.artur.ClassNodeMorphTest" tests="3" failures="0" timestamp="29 Dec 2015 14:21:17 GMT" time="0.016" errors="0">
  <testcase name="morphStartValueTest" time="0.000" classname="ratajczak.artur.ClassNodeMorphTest"/>
  <testcase name="morphStartValueTest" time="0.016" classname="ratajczak.artur.ClassNodeMorphTest"/>
  <testcase name="morphStartValueTest" time="0.000" classname="ratajczak.artur.ClassNodeMorphTest"/>
</testsuite> <!-- ratajczak.artur.ClassNodeMorphTest -->
