<?xml version="1.0" encoding="UTF-8"?>
<!-- Generated by org.testng.reporters.JUnitReportReporter -->
<testsuite hostname="Artur-PC" name="ratajczak.test.XLineEdgeTest" tests="21" failures="0" timestamp="6 Jan 2016 12:49:17 GMT" time="0.079" errors="0">
  <testcase name="getNoExistingLine" time="0.000" classname="ratajczak.test.XLineEdgeTest"/>
  <testcase name="getsAllNoExistingPoints" time="0.000" classname="ratajczak.test.XLineEdgeTest"/>
  <testcase name="shouldSetOnlyXandVEndArrowHead" time="0.000" classname="ratajczak.test.XLineEdgeTest"/>
  <testcase name="shouldSetOnlyXandVEndArrowHead" time="0.000" classname="ratajczak.test.XLineEdgeTest"/>
  <testcase name="shouldSetOnlyXandVEndArrowHead" time="0.016" classname="ratajczak.test.XLineEdgeTest"/>
  <testcase name="checkLable" time="0.000" classname="ratajczak.test.XLineEdgeTest"/>
  <testcase name="shouldSetOnlyXandVStartArrowHead" time="0.016" classname="ratajczak.test.XLineEdgeTest"/>
  <testcase name="shouldSetOnlyXandVEndArrowHead" time="0.000" classname="ratajczak.test.XLineEdgeTest"/>
  <testcase name="shouldSetOnlyXandVEndArrowHead" time="0.000" classname="ratajczak.test.XLineEdgeTest"/>
  <testcase name="shouldSetOnlyXandVStartArrowHead" time="0.000" classname="ratajczak.test.XLineEdgeTest"/>
  <testcase name="shouldNotChangeLineStyle" time="0.000" classname="ratajczak.test.XLineEdgeTest"/>
  <testcase name="getConnectionPointsBetween2Class" time="0.047" classname="ratajczak.test.XLineEdgeTest"/>
  <testcase name="checkLable" time="0.000" classname="ratajczak.test.XLineEdgeTest"/>
  <testcase name="isTransitionPointsSupportedShouldBeFALSE" time="0.000" classname="ratajczak.test.XLineEdgeTest"/>
  <testcase name="checkLable" time="0.000" classname="ratajczak.test.XLineEdgeTest"/>
  <testcase name="privateMethodReturnedPointsTest" time="0.000" classname="ratajczak.test.XLineEdgeTest"/>
  <testcase name="checkLable" time="0.000" classname="ratajczak.test.XLineEdgeTest"/>
  <testcase name="shouldSetOnlyXandVStartArrowHead" time="0.000" classname="ratajczak.test.XLineEdgeTest"/>
  <testcase name="getLineStyleShouldBeSOLID" time="0.000" classname="ratajczak.test.XLineEdgeTest"/>
  <testcase name="shouldSetOnlyXandVStartArrowHead" time="0.000" classname="ratajczak.test.XLineEdgeTest"/>
  <testcase name="shouldSetOnlyXandVStartArrowHead" time="0.000" classname="ratajczak.test.XLineEdgeTest"/>
</testsuite> <!-- ratajczak.test.XLineEdgeTest -->
