<?xml version="1.0" encoding="UTF-8"?>
<!-- Generated by org.testng.reporters.JUnitReportReporter -->
<testsuite hostname="Artur-PC" name="ratajczak.test.XLineEdgeBeanInfoTest" tests="1" failures="0" timestamp="25 Dec 2015 16:47:06 GMT" time="0.009" errors="0">
  <testcase name="propertDescriptorCheck" time="0.009" classname="ratajczak.test.XLineEdgeBeanInfoTest"/>
</testsuite> <!-- ratajczak.test.XLineEdgeBeanInfoTest -->
