<?xml version="1.0" encoding="UTF-8"?>
<!-- Generated by org.testng.reporters.JUnitReportReporter -->
<testsuite hostname="Artur-PC" name="ratajczak.test.XLineEdgeBeanInfoTest" tests="1" failures="0" timestamp="6 Jan 2016 12:49:17 GMT" time="0.031" errors="0">
  <testcase name="propertDescriptorCheck" time="0.031" classname="ratajczak.test.XLineEdgeBeanInfoTest"/>
</testsuite> <!-- ratajczak.test.XLineEdgeBeanInfoTest -->
