<?xml version="1.0" encoding="UTF-8"?>
<!-- Generated by org.testng.reporters.JUnitReportReporter -->
<testsuite hostname="Artur-PC" name="ratajczak.test.BallAndSocketTest" tests="4" failures="0" timestamp="6 Jan 2016 12:49:17 GMT" time="0.358" errors="0">
  <testcase name="copyBall" time="0.015" classname="ratajczak.test.BallAndSocketTest"/>
  <testcase name="testBallBounds" time="0.000" classname="ratajczak.test.BallAndSocketTest"/>
  <testcase name="copySocket" time="0.328" classname="ratajczak.test.BallAndSocketTest"/>
  <testcase name="testSocketBounds" time="0.015" classname="ratajczak.test.BallAndSocketTest"/>
</testsuite> <!-- ratajczak.test.BallAndSocketTest -->
